d:\documents\visual studio 2013\projects\preheatstation\preheatstation\debug\vc120.pdb
d:\documents\visual studio 2013\projects\preheatstation\preheatstation\debug\preheatstation.obj
d:\documents\visual studio 2013\projects\preheatstation\preheatstation\debug\main.obj
d:\documents\visual studio 2013\projects\preheatstation\preheatstation\debug\inireader.obj
d:\documents\visual studio 2013\projects\preheatstation\preheatstation\debug\moc_preheatstation.obj
d:\documents\visual studio 2013\projects\preheatstation\preheatstation\debug\deviceinquiry.obj
d:\documents\visual studio 2013\projects\preheatstation\preheatstation\debug\database.obj
d:\documents\visual studio 2013\projects\preheatstation\preheatstation\debug\cmddevice.obj
d:\documents\visual studio 2013\projects\preheatstation\preheatstation\debug\qrc_preheatstation.obj
d:\documents\visual studio 2013\projects\preheatstation\preheatstation\debug\ini.obj
d:\documents\visual studio 2013\projects\preheatstation\preheatstation\generatedfiles\debug\moc_preheatstation.cpp
d:\documents\visual studio 2013\projects\preheatstation\preheatstation\generatedfiles\ui_preheatstation.h
d:\documents\visual studio 2013\projects\preheatstation\preheatstation\generatedfiles\qrc_preheatstation.cpp
d:\documents\visual studio 2013\projects\preheatstation\win32\debug\preheatstation.ilk
d:\documents\visual studio 2013\projects\preheatstation\win32\debug\preheatstation.exe
d:\documents\visual studio 2013\projects\preheatstation\win32\debug\preheatstation.pdb
d:\documents\visual studio 2013\projects\preheatstation\preheatstation\debug\preheatstation.tlog\cl.command.1.tlog
d:\documents\visual studio 2013\projects\preheatstation\preheatstation\debug\preheatstation.tlog\cl.read.1.tlog
d:\documents\visual studio 2013\projects\preheatstation\preheatstation\debug\preheatstation.tlog\cl.write.1.tlog
d:\documents\visual studio 2013\projects\preheatstation\preheatstation\debug\preheatstation.tlog\custombuild.command.1.tlog
d:\documents\visual studio 2013\projects\preheatstation\preheatstation\debug\preheatstation.tlog\custombuild.read.1.tlog
d:\documents\visual studio 2013\projects\preheatstation\preheatstation\debug\preheatstation.tlog\custombuild.write.1.tlog
d:\documents\visual studio 2013\projects\preheatstation\preheatstation\debug\preheatstation.tlog\link.command.1.tlog
d:\documents\visual studio 2013\projects\preheatstation\preheatstation\debug\preheatstation.tlog\link.read.1.tlog
d:\documents\visual studio 2013\projects\preheatstation\preheatstation\debug\preheatstation.tlog\link.write.1.tlog
