d:\documents\visual studio 2013\projects\preheatstation\xnlib\bin\intermediate\win32-debug\xnlib\vc120.pdb
d:\documents\visual studio 2013\projects\preheatstation\xnlib\bin\win32-debug\xnlib.lib
d:\documents\visual studio 2013\projects\preheatstation\xnlib\bin\intermediate\win32-debug\xnlib\xndump.obj
d:\documents\visual studio 2013\projects\preheatstation\xnlib\bin\intermediate\win32-debug\xnlib\xndumpfilewriter.obj
d:\documents\visual studio 2013\projects\preheatstation\xnlib\bin\intermediate\win32-debug\xnlib\xnerrorlogger.obj
d:\documents\visual studio 2013\projects\preheatstation\xnlib\bin\intermediate\win32-debug\xnlib\xnfiles.obj
d:\documents\visual studio 2013\projects\preheatstation\xnlib\bin\intermediate\win32-debug\xnlib\xnfpscalculator.obj
d:\documents\visual studio 2013\projects\preheatstation\xnlib\bin\intermediate\win32-debug\xnlib\xnlib.obj
d:\documents\visual studio 2013\projects\preheatstation\xnlib\bin\intermediate\win32-debug\xnlib\xnlog.obj
d:\documents\visual studio 2013\projects\preheatstation\xnlib\bin\intermediate\win32-debug\xnlib\xnlogconsolewriter.obj
d:\documents\visual studio 2013\projects\preheatstation\xnlib\bin\intermediate\win32-debug\xnlib\xnlogfilewriter.obj
d:\documents\visual studio 2013\projects\preheatstation\xnlib\bin\intermediate\win32-debug\xnlib\xnos.obj
d:\documents\visual studio 2013\projects\preheatstation\xnlib\bin\intermediate\win32-debug\xnlib\xnosmemoryprofiling.obj
d:\documents\visual studio 2013\projects\preheatstation\xnlib\bin\intermediate\win32-debug\xnlib\xnprofiling.obj
d:\documents\visual studio 2013\projects\preheatstation\xnlib\bin\intermediate\win32-debug\xnlib\xnscheduler.obj
d:\documents\visual studio 2013\projects\preheatstation\xnlib\bin\intermediate\win32-debug\xnlib\xnstatus.obj
d:\documents\visual studio 2013\projects\preheatstation\xnlib\bin\intermediate\win32-debug\xnlib\xnstrings.obj
d:\documents\visual studio 2013\projects\preheatstation\xnlib\bin\intermediate\win32-debug\xnlib\xnsytmmetricmatrix3x3.obj
d:\documents\visual studio 2013\projects\preheatstation\xnlib\bin\intermediate\win32-debug\xnlib\xnthreads.obj
d:\documents\visual studio 2013\projects\preheatstation\xnlib\bin\intermediate\win32-debug\xnlib\xnusb.obj
d:\documents\visual studio 2013\projects\preheatstation\xnlib\bin\intermediate\win32-debug\xnlib\xnusbwin32.obj
d:\documents\visual studio 2013\projects\preheatstation\xnlib\bin\intermediate\win32-debug\xnlib\xnvector3d.obj
d:\documents\visual studio 2013\projects\preheatstation\xnlib\bin\intermediate\win32-debug\xnlib\xnwin32criticalsection.obj
d:\documents\visual studio 2013\projects\preheatstation\xnlib\bin\intermediate\win32-debug\xnlib\xnwin32debug.obj
d:\documents\visual studio 2013\projects\preheatstation\xnlib\bin\intermediate\win32-debug\xnlib\xnwin32events.obj
d:\documents\visual studio 2013\projects\preheatstation\xnlib\bin\intermediate\win32-debug\xnlib\xnwin32files.obj
d:\documents\visual studio 2013\projects\preheatstation\xnlib\bin\intermediate\win32-debug\xnlib\xnwin32ini.obj
d:\documents\visual studio 2013\projects\preheatstation\xnlib\bin\intermediate\win32-debug\xnlib\xnwin32keyboard.obj
d:\documents\visual studio 2013\projects\preheatstation\xnlib\bin\intermediate\win32-debug\xnlib\xnwin32memory.obj
d:\documents\visual studio 2013\projects\preheatstation\xnlib\bin\intermediate\win32-debug\xnlib\xnwin32mutex.obj
d:\documents\visual studio 2013\projects\preheatstation\xnlib\bin\intermediate\win32-debug\xnlib\xnwin32network.obj
d:\documents\visual studio 2013\projects\preheatstation\xnlib\bin\intermediate\win32-debug\xnlib\xnwin32os.obj
d:\documents\visual studio 2013\projects\preheatstation\xnlib\bin\intermediate\win32-debug\xnlib\xnwin32processes.obj
d:\documents\visual studio 2013\projects\preheatstation\xnlib\bin\intermediate\win32-debug\xnlib\xnwin32semaphore.obj
d:\documents\visual studio 2013\projects\preheatstation\xnlib\bin\intermediate\win32-debug\xnlib\xnwin32sharedlibrary.obj
d:\documents\visual studio 2013\projects\preheatstation\xnlib\bin\intermediate\win32-debug\xnlib\xnwin32sharedmemory.obj
d:\documents\visual studio 2013\projects\preheatstation\xnlib\bin\intermediate\win32-debug\xnlib\xnwin32strings.obj
d:\documents\visual studio 2013\projects\preheatstation\xnlib\bin\intermediate\win32-debug\xnlib\xnwin32threads.obj
d:\documents\visual studio 2013\projects\preheatstation\xnlib\bin\intermediate\win32-debug\xnlib\xnwin32time.obj
d:\documents\visual studio 2013\projects\preheatstation\xnlib\bin\intermediate\win32-debug\xnlib\xnlib.tlog\cl.command.1.tlog
d:\documents\visual studio 2013\projects\preheatstation\xnlib\bin\intermediate\win32-debug\xnlib\xnlib.tlog\cl.read.1.tlog
d:\documents\visual studio 2013\projects\preheatstation\xnlib\bin\intermediate\win32-debug\xnlib\xnlib.tlog\cl.write.1.tlog
d:\documents\visual studio 2013\projects\preheatstation\xnlib\bin\intermediate\win32-debug\xnlib\xnlib.tlog\lib-link.read.1.tlog
d:\documents\visual studio 2013\projects\preheatstation\xnlib\bin\intermediate\win32-debug\xnlib\xnlib.tlog\lib-link.write.1.tlog
d:\documents\visual studio 2013\projects\preheatstation\xnlib\bin\intermediate\win32-debug\xnlib\xnlib.tlog\lib.command.1.tlog
